1489126528389	geckodriver	INFO	Listening on 127.0.0.1:62716
1489126530364	mozprofile::profile	INFO	Using profile path C:\Users\ADMINI~1\AppData\Local\Temp\rust_mozprofile.gggwtRFhki6Z
1489126530389	geckodriver::marionette	INFO	Starting browser C:\Program Files (x86)\Mozilla Firefox\firefox.exe
1489126530416	geckodriver::marionette	INFO	Connecting to Marionette on localhost:62724
1489126531724	addons.manager	DEBUG	Application has been upgraded
1489126531798	addons.manager	DEBUG	Loaded provider scope for resource://gre/modules/addons/XPIProvider.jsm: ["XPIProvider"]
1489126531802	addons.manager	DEBUG	Loaded provider scope for resource://gre/modules/LightweightThemeManager.jsm: ["LightweightThemeManager"]
1489126531808	addons.manager	DEBUG	Loaded provider scope for resource://gre/modules/addons/GMPProvider.jsm
1489126531810	addons.manager	DEBUG	Loaded provider scope for resource://gre/modules/addons/PluginProvider.jsm
1489126531811	addons.manager	DEBUG	Starting provider: XPIProvider
1489126531811	addons.xpi	DEBUG	startup
1489126531812	addons.xpi	INFO	SystemAddonInstallLocation directory is missing
1489126531814	addons.xpi	INFO	Mapping aushelper@mozilla.org to C:\Program Files (x86)\Mozilla Firefox\browser\features\aushelper@mozilla.org.xpi
1489126531814	addons.xpi	INFO	Mapping e10srollout@mozilla.org to C:\Program Files (x86)\Mozilla Firefox\browser\features\e10srollout@mozilla.org.xpi
1489126531815	addons.xpi	INFO	Mapping firefox@getpocket.com to C:\Program Files (x86)\Mozilla Firefox\browser\features\firefox@getpocket.com.xpi
1489126531815	addons.xpi	INFO	Mapping webcompat@mozilla.org to C:\Program Files (x86)\Mozilla Firefox\browser\features\webcompat@mozilla.org.xpi
1489126531816	addons.xpi	INFO	Mapping {972ce4c6-7e08-4474-a285-3208198ce6fd} to C:\Program Files (x86)\Mozilla Firefox\browser\extensions\{972ce4c6-7e08-4474-a285-3208198ce6fd}.xpi
1489126531817	addons.xpi	DEBUG	checkForChanges
1489126531818	addons.xpi	DEBUG	Loaded add-on state from prefs: {}
1489126531819	addons.xpi	DEBUG	New add-on aushelper@mozilla.org in app-system-defaults
1489126531820	addons.xpi	DEBUG	getModTime: Recursive scan of aushelper@mozilla.org
1489126531820	addons.xpi	DEBUG	New add-on e10srollout@mozilla.org in app-system-defaults
1489126531821	addons.xpi	DEBUG	getModTime: Recursive scan of e10srollout@mozilla.org
1489126531821	addons.xpi	DEBUG	New add-on firefox@getpocket.com in app-system-defaults
1489126531822	addons.xpi	DEBUG	getModTime: Recursive scan of firefox@getpocket.com
1489126531822	addons.xpi	DEBUG	New add-on webcompat@mozilla.org in app-system-defaults
1489126531822	addons.xpi	DEBUG	getModTime: Recursive scan of webcompat@mozilla.org
1489126531823	addons.xpi	DEBUG	New add-on {972ce4c6-7e08-4474-a285-3208198ce6fd} in app-global
1489126531824	addons.xpi	DEBUG	getModTime: Recursive scan of {972ce4c6-7e08-4474-a285-3208198ce6fd}
1489126531824	addons.xpi	DEBUG	getInstallState changed: true, state: {"app-system-defaults":{"aushelper@mozilla.org":{"d":"C:\\Program Files (x86)\\Mozilla Firefox\\browser\\features\\aushelper@mozilla.org.xpi","st":1485383495555},"e10srollout@mozilla.org":{"d":"C:\\Program Files (x86)\\Mozilla Firefox\\browser\\features\\e10srollout@mozilla.org.xpi","st":1485383495559},"firefox@getpocket.com":{"d":"C:\\Program Files (x86)\\Mozilla Firefox\\browser\\features\\firefox@getpocket.com.xpi","st":1485383504961},"webcompat@mozilla.org":{"d":"C:\\Program Files (x86)\\Mozilla Firefox\\browser\\features\\webcompat@mozilla.org.xpi","st":1485383495582}},"app-global":{"{972ce4c6-7e08-4474-a285-3208198ce6fd}":{"d":"C:\\Program Files (x86)\\Mozilla Firefox\\browser\\extensions\\{972ce4c6-7e08-4474-a285-3208198ce6fd}.xpi","st":1485383495651}}}
1489126531833	addons.xpi-utils	DEBUG	Opening XPI database C:\Users\ADMINI~1\AppData\Local\Temp\rust_mozprofile.gggwtRFhki6Z\extensions.json
1489126531836	addons.xpi-utils	DEBUG	New add-on aushelper@mozilla.org installed in app-system-defaults
*** Blocklist::_loadBlocklistFromFile: blocklist is disabled
1489126531850	DeferredSave.extensions.json	DEBUG	Save changes
1489126531850	addons.xpi-utils	DEBUG	New add-on e10srollout@mozilla.org installed in app-system-defaults
1489126531853	DeferredSave.extensions.json	DEBUG	Starting timer
1489126531854	DeferredSave.extensions.json	DEBUG	Save changes
1489126531854	addons.xpi-utils	DEBUG	New add-on firefox@getpocket.com installed in app-system-defaults
1489126531861	DeferredSave.extensions.json	DEBUG	Save changes
1489126531861	addons.xpi-utils	DEBUG	New add-on webcompat@mozilla.org installed in app-system-defaults
1489126531865	DeferredSave.extensions.json	DEBUG	Save changes
1489126531866	addons.xpi-utils	DEBUG	New add-on {972ce4c6-7e08-4474-a285-3208198ce6fd} installed in app-global
1489126531869	DeferredSave.extensions.json	DEBUG	Save changes
1489126531869	addons.manager	DEBUG	Registering startup change 'installed' for aushelper@mozilla.org
1489126531876	addons.xpi	DEBUG	Loading bootstrap scope from C:\Program Files (x86)\Mozilla Firefox\browser\features\aushelper@mozilla.org.xpi
1489126531884	addons.xpi	DEBUG	Calling bootstrap method install on aushelper@mozilla.org version 1.0
1489126531884	addons.xpi-utils	DEBUG	Make addon app-system-defaults:aushelper@mozilla.org visible
1489126531884	DeferredSave.extensions.json	DEBUG	Save changes
1489126531885	addons.manager	DEBUG	Registering startup change 'installed' for e10srollout@mozilla.org
1489126531885	addons.xpi	DEBUG	Loading bootstrap scope from C:\Program Files (x86)\Mozilla Firefox\browser\features\e10srollout@mozilla.org.xpi
1489126531887	addons.xpi	DEBUG	Calling bootstrap method install on e10srollout@mozilla.org version 1.7
1489126531888	addons.xpi-utils	DEBUG	Make addon app-system-defaults:e10srollout@mozilla.org visible
1489126531889	DeferredSave.extensions.json	DEBUG	Save changes
1489126531889	addons.manager	DEBUG	Registering startup change 'installed' for firefox@getpocket.com
1489126531889	addons.xpi	DEBUG	Loading bootstrap scope from C:\Program Files (x86)\Mozilla Firefox\browser\features\firefox@getpocket.com.xpi
1489126531893	addons.xpi	DEBUG	Calling bootstrap method install on firefox@getpocket.com version 1.0.5
1489126531893	addons.xpi-utils	DEBUG	Make addon app-system-defaults:firefox@getpocket.com visible
1489126531893	DeferredSave.extensions.json	DEBUG	Save changes
1489126531893	addons.manager	DEBUG	Registering startup change 'installed' for webcompat@mozilla.org
1489126531894	addons.xpi	DEBUG	Loading bootstrap scope from C:\Program Files (x86)\Mozilla Firefox\browser\features\webcompat@mozilla.org.xpi
1489126531895	addons.xpi	DEBUG	Calling bootstrap method install on webcompat@mozilla.org version 1.0
1489126531895	addons.xpi-utils	DEBUG	Make addon app-system-defaults:webcompat@mozilla.org visible
1489126531895	DeferredSave.extensions.json	DEBUG	Save changes
1489126531896	addons.xpi-utils	DEBUG	Make addon app-global:{972ce4c6-7e08-4474-a285-3208198ce6fd} visible
1489126531896	DeferredSave.extensions.json	DEBUG	Save changes
1489126531896	addons.xpi	DEBUG	Updating XPIState for {"id":"aushelper@mozilla.org","syncGUID":"{8408c65a-ec33-48fc-ace1-52aefd4cddeb}","location":"app-system-defaults","version":"1.0","type":"extension","internalName":null,"updateURL":null,"updateKey":null,"optionsURL":null,"optionsType":null,"aboutURL":null,"icons":{},"iconURL":null,"icon64URL":null,"defaultLocale":{"name":"Application Update Service Helper","description":"Sets value(s) in the update url based on custom checks.","creator":null,"homepageURL":null},"visible":true,"active":true,"userDisabled":false,"appDisabled":false,"descriptor":"C:\\Program Files (x86)\\Mozilla Firefox\\browser\\features\\aushelper@mozilla.org.xpi","installDate":1485383495555,"updateDate":1485383495555,"applyBackgroundUpdates":1,"bootstrap":true,"skinnable":false,"size":5975,"sourceURI":null,"releaseNotesURI":null,"softDisabled":false,"foreignInstall":false,"hasBinaryComponents":false,"strictCompatibility":false,"locales":[],"targetApplications":[{"id":"{ec8030f7-c20a-464f-9b0e-13a3a9e97384}","minVersion":"51.0.1","maxVersion":"51.*"}],"targetPlatforms":[],"multiprocessCompatible":true,"seen":true,"dependencies":[],"hasEmbeddedWebExtension":false,"mpcOptedOut":false}
1489126531896	addons.xpi	DEBUG	getModTime: Recursive scan of aushelper@mozilla.org
1489126531897	addons.xpi	DEBUG	Updating XPIState for {"id":"e10srollout@mozilla.org","syncGUID":"{2a269696-3a07-44f4-98f1-d21828b0c704}","location":"app-system-defaults","version":"1.7","type":"extension","internalName":null,"updateURL":null,"updateKey":null,"optionsURL":null,"optionsType":null,"aboutURL":null,"icons":{},"iconURL":null,"icon64URL":null,"defaultLocale":{"name":"Multi-process staged rollout","description":"Staged rollout of Firefox multi-process feature.","creator":null,"homepageURL":null},"visible":true,"active":true,"userDisabled":false,"appDisabled":false,"descriptor":"C:\\Program Files (x86)\\Mozilla Firefox\\browser\\features\\e10srollout@mozilla.org.xpi","installDate":1485383495559,"updateDate":1485383495559,"applyBackgroundUpdates":1,"bootstrap":true,"skinnable":false,"size":6997,"sourceURI":null,"releaseNotesURI":null,"softDisabled":false,"foreignInstall":false,"hasBinaryComponents":false,"strictCompatibility":false,"locales":[],"targetApplications":[{"id":"{ec8030f7-c20a-464f-9b0e-13a3a9e97384}","minVersion":"51.0.1","maxVersion":"51.*"}],"targetPlatforms":[],"multiprocessCompatible":true,"seen":true,"dependencies":[],"hasEmbeddedWebExtension":false,"mpcOptedOut":false}
1489126531897	addons.xpi	DEBUG	getModTime: Recursive scan of e10srollout@mozilla.org
1489126531898	addons.xpi	DEBUG	Updating XPIState for {"id":"firefox@getpocket.com","syncGUID":"{e3602dea-c92e-4dbe-9cdf-6339862aa166}","location":"app-system-defaults","version":"1.0.5","type":"extension","internalName":null,"updateURL":null,"updateKey":null,"optionsURL":null,"optionsType":null,"aboutURL":null,"icons":{},"iconURL":null,"icon64URL":null,"defaultLocale":{"name":"Pocket","description":"When you find something you want to view later, put it in Pocket.","creator":null,"homepageURL":null},"visible":true,"active":true,"userDisabled":false,"appDisabled":false,"descriptor":"C:\\Program Files (x86)\\Mozilla Firefox\\browser\\features\\firefox@getpocket.com.xpi","installDate":1485383504961,"updateDate":1485383504961,"applyBackgroundUpdates":1,"bootstrap":true,"skinnable":false,"size":921059,"sourceURI":null,"releaseNotesURI":null,"softDisabled":false,"foreignInstall":false,"hasBinaryComponents":false,"strictCompatibility":false,"locales":[],"targetApplications":[{"id":"{ec8030f7-c20a-464f-9b0e-13a3a9e97384}","minVersion":"51.0.1","maxVersion":"51.*"}],"targetPlatforms":[],"multiprocessCompatible":true,"seen":true,"dependencies":[],"hasEmbeddedWebExtension":false,"mpcOptedOut":false}
1489126531898	addons.xpi	DEBUG	getModTime: Recursive scan of firefox@getpocket.com
1489126531898	addons.xpi	DEBUG	Updating XPIState for {"id":"webcompat@mozilla.org","syncGUID":"{76b6266e-01a7-490e-b8a7-c70ddf2dfe76}","location":"app-system-defaults","version":"1.0","type":"extension","internalName":null,"updateURL":null,"updateKey":null,"optionsURL":null,"optionsType":null,"aboutURL":null,"icons":{},"iconURL":null,"icon64URL":null,"defaultLocale":{"name":"Web Compat","description":"Urgent post-release fixes for web compatibility.","creator":null,"homepageURL":null},"visible":true,"active":true,"userDisabled":false,"appDisabled":false,"descriptor":"C:\\Program Files (x86)\\Mozilla Firefox\\browser\\features\\webcompat@mozilla.org.xpi","installDate":1485383495582,"updateDate":1485383495582,"applyBackgroundUpdates":1,"bootstrap":true,"skinnable":false,"size":1570,"sourceURI":null,"releaseNotesURI":null,"softDisabled":false,"foreignInstall":false,"hasBinaryComponents":false,"strictCompatibility":false,"locales":[],"targetApplications":[{"id":"{ec8030f7-c20a-464f-9b0e-13a3a9e97384}","minVersion":"51.0.1","maxVersion":"51.*"}],"targetPlatforms":[],"multiprocessCompatible":true,"seen":true,"dependencies":[],"hasEmbeddedWebExtension":false,"mpcOptedOut":false}
1489126531898	addons.xpi	DEBUG	getModTime: Recursive scan of webcompat@mozilla.org
1489126531899	addons.xpi	DEBUG	Updating XPIState for {"id":"{972ce4c6-7e08-4474-a285-3208198ce6fd}","syncGUID":"{9c7083b8-3907-4b57-a789-f5e604e8e276}","location":"app-global","version":"51.0.1","type":"theme","internalName":"classic/1.0","updateURL":null,"updateKey":null,"optionsURL":null,"optionsType":null,"aboutURL":null,"icons":{"32":"icon.png","48":"icon.png"},"iconURL":null,"icon64URL":null,"defaultLocale":{"name":"Default","description":"The default theme.","creator":"Mozilla","homepageURL":null,"contributors":["Mozilla Contributors"]},"visible":true,"active":true,"userDisabled":false,"appDisabled":false,"descriptor":"C:\\Program Files (x86)\\Mozilla Firefox\\browser\\extensions\\{972ce4c6-7e08-4474-a285-3208198ce6fd}.xpi","installDate":1485383495651,"updateDate":1485383495651,"applyBackgroundUpdates":1,"skinnable":true,"size":19708,"sourceURI":null,"releaseNotesURI":null,"softDisabled":false,"foreignInstall":false,"hasBinaryComponents":false,"strictCompatibility":true,"locales":[],"targetApplications":[{"id":"{ec8030f7-c20a-464f-9b0e-13a3a9e97384}","minVersion":"51.0.1","maxVersion":"51.0.1"}],"targetPlatforms":[],"seen":true,"dependencies":[],"hasEmbeddedWebExtension":false}
1489126531899	addons.xpi	DEBUG	getModTime: Recursive scan of {972ce4c6-7e08-4474-a285-3208198ce6fd}
1489126531899	DeferredSave.extensions.json	DEBUG	Save changes
1489126531900	addons.xpi	DEBUG	Updating database with changes to installed add-ons
1489126531900	addons.xpi-utils	DEBUG	Updating add-on states
1489126531901	addons.xpi-utils	DEBUG	Writing add-ons list
1489126531904	addons.xpi	DEBUG	Registering manifest for C:\Program Files (x86)\Mozilla Firefox\browser\features\aushelper@mozilla.org.xpi
1489126531905	addons.xpi	DEBUG	Calling bootstrap method startup on aushelper@mozilla.org version 1.0
1489126531906	addons.xpi	DEBUG	Registering manifest for C:\Program Files (x86)\Mozilla Firefox\browser\features\e10srollout@mozilla.org.xpi
1489126531907	addons.xpi	DEBUG	Calling bootstrap method startup on e10srollout@mozilla.org version 1.7
1489126531907	addons.xpi	DEBUG	Registering manifest for C:\Program Files (x86)\Mozilla Firefox\browser\features\firefox@getpocket.com.xpi
1489126531908	addons.xpi	DEBUG	Calling bootstrap method startup on firefox@getpocket.com version 1.0.5
1489126531909	addons.xpi	DEBUG	Registering manifest for C:\Program Files (x86)\Mozilla Firefox\browser\features\webcompat@mozilla.org.xpi
1489126531909	addons.xpi	DEBUG	Calling bootstrap method startup on webcompat@mozilla.org version 1.0
1489126531911	addons.manager	DEBUG	Registering shutdown blocker for XPIProvider
1489126531911	addons.manager	DEBUG	Provider finished startup: XPIProvider
1489126531911	addons.manager	DEBUG	Starting provider: LightweightThemeManager
1489126531911	addons.manager	DEBUG	Registering shutdown blocker for LightweightThemeManager
1489126531911	addons.manager	DEBUG	Provider finished startup: LightweightThemeManager
1489126531912	addons.manager	DEBUG	Starting provider: GMPProvider
1489126531919	addons.manager	DEBUG	Registering shutdown blocker for GMPProvider
1489126531919	addons.manager	DEBUG	Provider finished startup: GMPProvider
1489126531919	addons.manager	DEBUG	Starting provider: PluginProvider
1489126531919	addons.manager	DEBUG	Registering shutdown blocker for PluginProvider
1489126531920	addons.manager	DEBUG	Provider finished startup: PluginProvider
1489126531920	addons.manager	DEBUG	Completed startup sequence
1489126532217	Marionette	INFO	Listening on port 62724
1489126532401	addons.manager	DEBUG	Starting provider: <unnamed-provider>
1489126532401	addons.manager	DEBUG	Registering shutdown blocker for <unnamed-provider>
1489126532401	addons.manager	DEBUG	Provider finished startup: <unnamed-provider>
1489126532630	addons.manager	DEBUG	Starting provider: PreviousExperimentProvider
1489126532632	addons.manager	DEBUG	Registering shutdown blocker for PreviousExperimentProvider
1489126532633	addons.manager	DEBUG	Provider finished startup: PreviousExperimentProvider
1489126532638	DeferredSave.extensions.json	DEBUG	Starting write
1489126533188	DeferredSave.extensions.json	DEBUG	Write succeeded
1489126533189	addons.xpi-utils	DEBUG	XPI Database saved, setting schema version preference to 19
1489126534237	Marionette	WARN	Using deprecated data structure for setting timeouts
1489126534243	Marionette	WARN	Using deprecated data structure for setting timeouts
JavaScript warning: https://m.baidu.com/#, line 1: unreachable code after return statement
[Child 27696] ###!!! ABORT: Aborting on channel error.: file c:/builds/moz2_slave/m-rel-w32-00000000000000000000/build/src/ipc/glue/MessageChannel.cpp, line 2056
513
[Child 11280] ###!!! ABORT: Aborting on channel error.: file c:/builds/moz2_slave/m-rel-w32-00000000000000000000/build/src/ipc/glue/MessageChannel.cpp, line 2056
00000/build/src/ipc/glue/MessageChannel.cpp, line 2056
per@mozilla.org version 1.0
1488531145202	addons.manager	DEBUG	shutdown
1488531145202	addons.manager	DEBUG	Calling shutdown blocker for XPIProvider
1488531145202	addons.xpi	DEBUG	shutdown
1488531145202	addons.xpi-utils	DEBUG	shutdown
1488531145203	addons.manager	DEBUG	Calling shutdown blocker for LightweightThemeManager
1488531145203	addons.manager	DEBUG	Calling shutdown blocker for GMPProvider
1488531145205	addons.manager	DEBUG	Calling shutdown blocker for PluginProvider
1488531145205	addons.manager	DEBUG	Calling shutdown blocker for <unnamed-provider>
1488531145207	addons.manager	DEBUG	Calling shutdown blocker for PreviousExperimentProvider
1488531145209	addons.xpi	DEBUG	Notifying XPI shutdown observers
1488531145212	addons.manager	DEBUG	Async provider shutdown done
0
1488530763899	addons.productaddons	INFO	Downloaded file will be saved to C:\Users\ADMINI~1\AppData\Local\Temp\tmpaddon
1488531054936	addons.manager	INFO	Skipping background update check
1488531294959	DeferredSave.extensions.json	DEBUG	Save changes
1488531294961	DeferredSave.extensions.json	DEBUG	Starting timer
1488531294984	DeferredSave.extensions.json	DEBUG	Starting write
1488531294994	DeferredSave.extensions.json	DEBUG	Write succeeded
1488532171530	addons.xpi	DEBUG	Calling bootstrap method shutdown on webcompat@mozilla.org version 1.0
1488532171530	addons.xpi	DEBUG	Calling bootstrap method shutdown on firefox@getpocket.com version 1.0.5
1488532171531	addons.xpi	DEBUG	Calling bootstrap method shutdown on e10srollout@mozilla.org version 1.7
1488532171531	addons.xpi	DEBUG	Calling bootstrap method shutdown on aushelper@mozilla.org version 1.0
[Child 13128] WARNING: pipe error: 109: file c:/builds/moz2_slave/m-rel-w32-00000000000000000000/build/src/ipc/chromium/src/chrome/common/ipc_channel_win.cc, line 346
[Child 13128] WARNING: pipe error: 109: file c:/builds/moz2_slave/m-rel-w32-00000000000000000000/build/src/ipc/chromium/src/chrome/common/ipc_channel_win.cc, line 346
1488532171680	addons.manager	DEBUG	shutdown
1488532171681	addons.manager	DEBUG	Calling shutdown blocker for XPIProvider
1488532171681	addons.xpi	DEBUG	shutdown
1488532171681	addons.xpi-utils	DEBUG	shutdown
1488532171682	addons.manager	DEBUG	Calling shutdown blocker for LightweightThemeManager
1488532171682	addons.manager	DEBUG	Calling shutdown blocker for GMPProvider
1488532171684	addons.manager	DEBUG	Calling shutdown blocker for PluginProvider
1488532171685	addons.manager	DEBUG	Calling shutdown blocker for <unnamed-provider>
1488532171686	addons.manager	DEBUG	Calling shutdown blocker for PreviousExperimentProvider
1488532171689	addons.xpi	DEBUG	Notifying XPI shutdown observers
1488532171692	addons.manager	DEBUG	Async provider shutdown done
